Converged after 38 iterations.
Rank 0 Converged coefficients:
Coefficient     Value          
------------------------------
B_0             0.688037130575 
B_1             0.22421900167  
B_2             0.00919399175013
B_3             -0.0646550187771
B_4             0.220244781658 
B_5             -0.00132572646677
B_6             -0.00428382732918
B_7             0.000232851447341
B_8             0.00367787967086
B_9             0.000951835280399
B_10            0.0111768836171
B_11            0.00299677219681
B_12            0.0105012276783
B_13            0.00217158563925
B_14            0.00324535234391
B_15            -0.00767402315299
B_16            -0.00576909600087
B_17            -0.00488561288794
B_18            -0.012417026896
B_19            0.00280051888335
B_20            0.00676385105753
B_21            0.00206000637985
B_22            -0.181679264698
B_23            0.0029666831182
B_24            0.00760250182439
B_25            0.24945769306  
------------------------------
Rank 0: B_local 
[  6.88037131e-01   2.24219002e-01   9.19399175e-03  -6.46550188e-02
   2.20244782e-01  -1.32572647e-03  -4.28382733e-03   2.32851447e-04
   3.67787967e-03   9.51835280e-04   1.11768836e-02   2.99677220e-03
   1.05012277e-02   2.17158564e-03   3.24535234e-03  -7.67402315e-03
  -5.76909600e-03  -4.88561289e-03  -1.24170269e-02   2.80051888e-03
   6.76385106e-03   2.06000638e-03  -1.81679265e-01   2.96668312e-03
   7.60250182e-03   2.49457693e-01]
Rank 1: B_local 
[  6.88003801e-01   2.24202967e-01   9.17960533e-03  -6.49243080e-02
   2.20237355e-01  -1.31969581e-03  -4.28243417e-03   2.31319011e-04
   3.69234538e-03   9.54728945e-04   1.11679596e-02   3.00302217e-03
   1.05167891e-02   2.17572385e-03   3.25827517e-03  -7.67262012e-03
  -5.76645974e-03  -4.88663148e-03  -1.24154802e-02   2.77030104e-03
   6.76860211e-03   2.04014614e-03  -1.81705420e-01   2.96383353e-03
   7.60011743e-03   2.49462980e-01]
Rank 8: B_local 
[  6.87925497e-01   2.24165710e-01   9.16389887e-03  -6.55081730e-02
   2.20221309e-01  -1.32222836e-03  -4.28134918e-03   2.31723840e-04
   3.68260452e-03   9.52964018e-04   1.11461844e-02   3.00364764e-03
   1.04940989e-02   2.17977785e-03   3.24847469e-03  -7.67401189e-03
  -5.76426512e-03  -4.91992048e-03  -1.24614405e-02   2.77046794e-03
   6.73819842e-03   2.03908781e-03  -1.81763405e-01   2.96318278e-03
   7.60593397e-03   2.49466157e-01]
Rank 5: B_local 
[  6.87923976e-01   2.24166465e-01   9.17811466e-03  -6.55345820e-02
   2.20223170e-01  -1.34316766e-03  -4.28059809e-03   2.33433488e-04
   3.68151916e-03   9.52354793e-04   1.11472754e-02   3.00138093e-03
   1.04908254e-02   2.17710019e-03   3.24820901e-03  -7.69347151e-03
  -5.76629074e-03  -4.88720835e-03  -1.24685988e-02   2.77248406e-03
   6.73952173e-03   2.04162003e-03  -1.81764333e-01   2.96073524e-03
   7.60436153e-03   2.49464832e-01]
Rank 7: B_local 
[  6.87792837e-01   2.24102115e-01   9.17738778e-03  -6.64861191e-02
   2.20196952e-01  -1.32422066e-03  -4.33255597e-03   2.31345840e-04
   3.68308746e-03   9.53530071e-04   1.11471230e-02   3.00039268e-03
   1.05001314e-02   2.17565796e-03   3.24699823e-03  -7.67692642e-03
  -5.80354175e-03  -4.96871456e-03  -1.25272642e-02   2.76950393e-03
   6.76906813e-03   2.03876762e-03  -1.81863955e-01   2.90035661e-03
   7.60211207e-03   2.49468407e-01]
Rank 6: B_local 
[  6.87914642e-01   2.24157685e-01   9.17735251e-03  -6.55798125e-02
   2.20220298e-01  -1.32157874e-03  -4.29874017e-03   2.26492259e-04
   3.65878634e-03   9.52418976e-04   1.11412856e-02   2.99924044e-03
   1.05006651e-02   2.17765077e-03   3.24780153e-03  -7.67552489e-03
  -5.76506849e-03  -4.91808293e-03  -1.24078147e-02   2.76620730e-03
   6.76686100e-03   2.00558601e-03  -1.81773535e-01   2.96142363e-03
   7.58646529e-03   2.49465094e-01]
Rank 9: B_local 
[  6.87962305e-01   2.24183616e-01   9.17857440e-03  -6.52269818e-02
   2.20230467e-01  -1.33801118e-03  -4.28147448e-03   2.32311996e-04
   3.68259385e-03   9.50458650e-04   1.11472754e-02   3.00249277e-03
   1.05058435e-02   2.17335917e-03   3.24849231e-03  -7.67608842e-03
  -5.76375031e-03  -4.88496140e-03  -1.24531806e-02   2.77091248e-03
   6.76646390e-03   2.03966113e-03  -1.81735511e-01   2.96212387e-03
   7.59822278e-03   2.49464862e-01]
Rank 3: B_local 
[  6.87914210e-01   2.24159229e-01   9.17415756e-03  -6.55609673e-02
   2.20219529e-01  -1.32344846e-03  -4.28266574e-03   2.29532828e-04
   3.68305526e-03   9.53005116e-04   1.11448608e-02   3.00184124e-03
   1.04814593e-02   2.15736932e-03   3.24881794e-03  -7.67844941e-03
  -5.78722101e-03  -4.88625121e-03  -1.24179910e-02   2.76778730e-03
   6.73110924e-03   2.02231160e-03  -1.81772203e-01   2.96002592e-03
   7.60028548e-03   2.49465079e-01]
Rank 2: B_local 
[  6.87818460e-01   2.24112927e-01   9.17589922e-03  -6.62511894e-02
   2.20203283e-01  -1.40419222e-03  -4.28921138e-03   2.24038290e-04
   3.67657865e-03   9.46863262e-04   1.11392122e-02   2.97297515e-03
   1.04975698e-02   2.16970197e-03   3.24204496e-03  -7.68045068e-03
  -5.77224983e-03  -4.88853961e-03  -1.24966241e-02   2.71044676e-03
   6.76189888e-03   1.99775277e-03  -1.81843090e-01   2.95698081e-03
   7.59780459e-03   2.49463857e-01]
Rank 4: B_local 
[  6.87930966e-01   2.24165924e-01   9.16332071e-03  -6.54972025e-02
   2.20223965e-01  -1.32716086e-03  -4.28404775e-03   2.30289719e-04
   3.67795728e-03   9.44358413e-04   1.11429252e-02   3.00010772e-03
   1.05025951e-02   2.17310816e-03   3.24725562e-03  -7.67574756e-03
  -5.76977582e-03  -4.88709042e-03  -1.24177336e-02   2.76624357e-03
   6.73822797e-03   2.02015899e-03  -1.81760403e-01   2.95877156e-03
   7.60198851e-03   2.49466068e-01]
